2025-05-12 10:40:28,026 - INFO - Starting scraper with sitemap path: sitemap.xml\sitemap.xml
2025-05-12 10:40:28,027 - INFO - Initialized scraper with sitemap path: sitemap.xml\sitemap.xml
2025-05-12 10:40:28,027 - INFO - Reading sitemap file from: sitemap.xml\sitemap.xml
2025-05-12 10:40:28,140 - INFO - Found 5301 investor list URLs in sitemap
2025-05-12 10:40:28,147 - INFO - Limiting scraping to first 10 URLs
2025-05-12 10:40:28,148 - INFO - Processing URL: https://signal.nfx.com/investor-lists
2025-05-12 10:40:28,148 - INFO - Scraping page: https://signal.nfx.com/investor-lists
2025-05-12 10:40:30,916 - INFO - Found 0 script tags with type='application/ld+json'
2025-05-12 10:40:30,917 - INFO - Extracted 0 investors from the page
2025-05-12 10:40:31,920 - INFO - Processing URL: https://signal.nfx.com/investor-lists/methodology
2025-05-12 10:40:31,920 - INFO - Scraping page: https://signal.nfx.com/investor-lists/methodology
2025-05-12 10:40:32,236 - INFO - Found 0 script tags with type='application/ld+json'
2025-05-12 10:40:32,236 - INFO - Extracted 0 investors from the page
2025-05-12 10:40:33,239 - INFO - Processing URL: https://signal.nfx.com/investor-lists/top-advertising-pre-seed-investors
2025-05-12 10:40:33,239 - INFO - Scraping page: https://signal.nfx.com/investor-lists/top-advertising-pre-seed-investors
2025-05-12 10:40:33,583 - INFO - Found 0 script tags with type='application/ld+json'
2025-05-12 10:40:33,584 - INFO - Extracted 0 investors from the page
2025-05-12 10:40:34,586 - INFO - Processing URL: https://signal.nfx.com/investor-lists/top-advertising-pre-seed-austin-investors
2025-05-12 10:40:34,586 - INFO - Scraping page: https://signal.nfx.com/investor-lists/top-advertising-pre-seed-austin-investors
2025-05-12 10:40:34,949 - INFO - Found 0 script tags with type='application/ld+json'
2025-05-12 10:40:34,950 - INFO - Extracted 0 investors from the page
2025-05-12 10:40:35,952 - INFO - Processing URL: https://signal.nfx.com/investor-lists/top-advertising-pre-seed-boston-new-england-investors
2025-05-12 10:40:35,953 - INFO - Scraping page: https://signal.nfx.com/investor-lists/top-advertising-pre-seed-boston-new-england-investors
2025-05-12 10:40:36,340 - INFO - Found 0 script tags with type='application/ld+json'
2025-05-12 10:40:36,341 - INFO - Extracted 0 investors from the page
2025-05-12 10:40:37,343 - INFO - Processing URL: https://signal.nfx.com/investor-lists/top-advertising-pre-seed-british-columbia-investors
2025-05-12 10:40:37,344 - INFO - Scraping page: https://signal.nfx.com/investor-lists/top-advertising-pre-seed-british-columbia-investors
2025-05-12 10:40:37,926 - INFO - Found 0 script tags with type='application/ld+json'
2025-05-12 10:40:37,926 - INFO - Extracted 0 investors from the page
2025-05-12 10:40:38,930 - INFO - Processing URL: https://signal.nfx.com/investor-lists/top-advertising-pre-seed-canada-investors
2025-05-12 10:40:38,931 - INFO - Scraping page: https://signal.nfx.com/investor-lists/top-advertising-pre-seed-canada-investors
2025-05-12 10:40:39,382 - INFO - Found 0 script tags with type='application/ld+json'
2025-05-12 10:40:39,383 - INFO - Extracted 0 investors from the page
2025-05-12 10:40:40,385 - INFO - Processing URL: https://signal.nfx.com/investor-lists/top-advertising-pre-seed-colorado-utah-investors
2025-05-12 10:40:40,386 - INFO - Scraping page: https://signal.nfx.com/investor-lists/top-advertising-pre-seed-colorado-utah-investors
2025-05-12 10:40:40,736 - INFO - Found 0 script tags with type='application/ld+json'
2025-05-12 10:40:40,737 - INFO - Extracted 0 investors from the page
2025-05-12 10:40:41,739 - INFO - Processing URL: https://signal.nfx.com/investor-lists/top-advertising-pre-seed-israel-investors
2025-05-12 10:40:41,740 - INFO - Scraping page: https://signal.nfx.com/investor-lists/top-advertising-pre-seed-israel-investors
2025-05-12 10:40:42,067 - INFO - Found 0 script tags with type='application/ld+json'
2025-05-12 10:40:42,068 - INFO - Extracted 0 investors from the page
2025-05-12 10:40:43,070 - INFO - Processing URL: https://signal.nfx.com/investor-lists/top-advertising-pre-seed-latam-latin-america-investors
2025-05-12 10:40:43,071 - INFO - Scraping page: https://signal.nfx.com/investor-lists/top-advertising-pre-seed-latam-latin-america-investors
2025-05-12 10:40:43,387 - INFO - Found 0 script tags with type='application/ld+json'
2025-05-12 10:40:43,388 - INFO - Extracted 0 investors from the page
2025-05-12 10:40:44,390 - INFO - Total investors collected: 0
2025-05-12 10:40:44,404 - WARNING - No data to save - DataFrame is empty!
2025-05-12 10:42:06,772 - INFO - Starting scraper with sitemap path: sitemap.xml\sitemap.xml
2025-05-12 10:42:06,772 - INFO - ====== WebDriver manager ======
2025-05-12 10:42:08,330 - INFO - Get LATEST chromedriver version for google-chrome
2025-05-12 10:42:08,747 - INFO - Get LATEST chromedriver version for google-chrome
2025-05-12 10:42:09,024 - INFO - There is no [win64] chromedriver "136.0.7103.92" for browser google-chrome "136.0.7103" in cache
2025-05-12 10:42:09,024 - INFO - Get LATEST chromedriver version for google-chrome
2025-05-12 10:42:09,657 - INFO - WebDriver version 136.0.7103.92 selected
2025-05-12 10:42:09,661 - INFO - Modern chrome version https://storage.googleapis.com/chrome-for-testing-public/136.0.7103.92/win32/chromedriver-win32.zip
2025-05-12 10:42:09,661 - INFO - About to download new driver from https://storage.googleapis.com/chrome-for-testing-public/136.0.7103.92/win32/chromedriver-win32.zip
2025-05-12 10:42:10,048 - INFO - Driver downloading response is 200
2025-05-12 10:42:11,254 - INFO - Get LATEST chromedriver version for google-chrome
2025-05-12 10:42:12,425 - INFO - Driver has been saved in cache [C:\Users\SMIT\.wdm\drivers\chromedriver\win64\136.0.7103.92]
2025-05-12 10:46:36,921 - INFO - Starting scraper with sitemap path: sitemap.xml\sitemap.xml
2025-05-12 10:46:39,002 - INFO - patching driver executable C:\Users\SMIT\appdata\roaming\undetected_chromedriver\undetected_chromedriver.exe
2025-05-12 10:46:41,643 - INFO - Initialized scraper with sitemap path: sitemap.xml\sitemap.xml
2025-05-12 10:46:41,645 - INFO - Reading sitemap file from: sitemap.xml\sitemap.xml
2025-05-12 10:46:41,912 - INFO - Found 5301 investor list URLs in sitemap
2025-05-12 10:46:41,925 - INFO - Limiting scraping to first 10 URLs
2025-05-12 10:46:41,926 - INFO - Processing URL: https://signal.nfx.com/investor-lists
2025-05-12 10:46:41,926 - INFO - Scraping page: https://signal.nfx.com/investor-lists
2025-05-12 10:46:54,996 - ERROR - Error scraping https://signal.nfx.com/investor-lists: Message: 
Stacktrace:
	GetHandleVerifier [0x0123FC53+61635]
	GetHandleVerifier [0x0123FC94+61700]
	(No symbol) [0x010605D3]
	(No symbol) [0x010A899E]
	(No symbol) [0x010A8D3B]
	(No symbol) [0x010F0E12]
	(No symbol) [0x010CD2E4]
	(No symbol) [0x010EE61B]
	(No symbol) [0x010CD096]
	(No symbol) [0x0109C840]
	(No symbol) [0x0109D6A4]
	GetHandleVerifier [0x014C4573+2701795]
	GetHandleVerifier [0x014BFCF6+2683238]
	GetHandleVerifier [0x014DAA3E+2793134]
	GetHandleVerifier [0x01256915+155013]
	GetHandleVerifier [0x0125CFFD+181357]
	GetHandleVerifier [0x012474A8+92440]
	GetHandleVerifier [0x01247650+92864]
	GetHandleVerifier [0x01232040+5296]
	BaseThreadInitThunk [0x76605D49+25]
	RtlInitializeExceptionChain [0x7765CFFB+107]
	RtlGetAppContainerNamedObjectPath [0x7765CF81+561]

2025-05-12 10:46:55,998 - INFO - Processing URL: https://signal.nfx.com/investor-lists/methodology
2025-05-12 10:46:55,998 - INFO - Scraping page: https://signal.nfx.com/investor-lists/methodology
2025-05-12 10:47:08,057 - ERROR - Error scraping https://signal.nfx.com/investor-lists/methodology: Message: 
Stacktrace:
	GetHandleVerifier [0x0123FC53+61635]
	GetHandleVerifier [0x0123FC94+61700]
	(No symbol) [0x010605D3]
	(No symbol) [0x010A899E]
	(No symbol) [0x010A8D3B]
	(No symbol) [0x010F0E12]
	(No symbol) [0x010CD2E4]
	(No symbol) [0x010EE61B]
	(No symbol) [0x010CD096]
	(No symbol) [0x0109C840]
	(No symbol) [0x0109D6A4]
	GetHandleVerifier [0x014C4573+2701795]
	GetHandleVerifier [0x014BFCF6+2683238]
	GetHandleVerifier [0x014DAA3E+2793134]
	GetHandleVerifier [0x01256915+155013]
	GetHandleVerifier [0x0125CFFD+181357]
	GetHandleVerifier [0x012474A8+92440]
	GetHandleVerifier [0x01247650+92864]
	GetHandleVerifier [0x01232040+5296]
	BaseThreadInitThunk [0x76605D49+25]
	RtlInitializeExceptionChain [0x7765CFFB+107]
	RtlGetAppContainerNamedObjectPath [0x7765CF81+561]

2025-05-12 10:47:09,059 - INFO - Processing URL: https://signal.nfx.com/investor-lists/top-advertising-pre-seed-investors
2025-05-12 10:47:09,059 - INFO - Scraping page: https://signal.nfx.com/investor-lists/top-advertising-pre-seed-investors
2025-05-12 10:47:20,460 - ERROR - Error scraping https://signal.nfx.com/investor-lists/top-advertising-pre-seed-investors: Message: 
Stacktrace:
	GetHandleVerifier [0x0123FC53+61635]
	GetHandleVerifier [0x0123FC94+61700]
	(No symbol) [0x010605D3]
	(No symbol) [0x010A899E]
	(No symbol) [0x010A8D3B]
	(No symbol) [0x010F0E12]
	(No symbol) [0x010CD2E4]
	(No symbol) [0x010EE61B]
	(No symbol) [0x010CD096]
	(No symbol) [0x0109C840]
	(No symbol) [0x0109D6A4]
	GetHandleVerifier [0x014C4573+2701795]
	GetHandleVerifier [0x014BFCF6+2683238]
	GetHandleVerifier [0x014DAA3E+2793134]
	GetHandleVerifier [0x01256915+155013]
	GetHandleVerifier [0x0125CFFD+181357]
	GetHandleVerifier [0x012474A8+92440]
	GetHandleVerifier [0x01247650+92864]
	GetHandleVerifier [0x01232040+5296]
	BaseThreadInitThunk [0x76605D49+25]
	RtlInitializeExceptionChain [0x7765CFFB+107]
	RtlGetAppContainerNamedObjectPath [0x7765CF81+561]

2025-05-12 10:47:21,463 - INFO - Processing URL: https://signal.nfx.com/investor-lists/top-advertising-pre-seed-austin-investors
2025-05-12 10:47:21,463 - INFO - Scraping page: https://signal.nfx.com/investor-lists/top-advertising-pre-seed-austin-investors
2025-05-12 10:47:35,100 - ERROR - Error scraping https://signal.nfx.com/investor-lists/top-advertising-pre-seed-austin-investors: Message: 
Stacktrace:
	GetHandleVerifier [0x0123FC53+61635]
	GetHandleVerifier [0x0123FC94+61700]
	(No symbol) [0x010605D3]
	(No symbol) [0x010A899E]
	(No symbol) [0x010A8D3B]
	(No symbol) [0x010F0E12]
	(No symbol) [0x010CD2E4]
	(No symbol) [0x010EE61B]
	(No symbol) [0x010CD096]
	(No symbol) [0x0109C840]
	(No symbol) [0x0109D6A4]
	GetHandleVerifier [0x014C4573+2701795]
	GetHandleVerifier [0x014BFCF6+2683238]
	GetHandleVerifier [0x014DAA3E+2793134]
	GetHandleVerifier [0x01256915+155013]
	GetHandleVerifier [0x0125CFFD+181357]
	GetHandleVerifier [0x012474A8+92440]
	GetHandleVerifier [0x01247650+92864]
	GetHandleVerifier [0x01232040+5296]
	BaseThreadInitThunk [0x76605D49+25]
	RtlInitializeExceptionChain [0x7765CFFB+107]
	RtlGetAppContainerNamedObjectPath [0x7765CF81+561]

2025-05-12 10:47:36,102 - INFO - Processing URL: https://signal.nfx.com/investor-lists/top-advertising-pre-seed-boston-new-england-investors
2025-05-12 10:47:36,103 - INFO - Scraping page: https://signal.nfx.com/investor-lists/top-advertising-pre-seed-boston-new-england-investors
2025-05-12 10:47:50,540 - ERROR - Error scraping https://signal.nfx.com/investor-lists/top-advertising-pre-seed-boston-new-england-investors: Message: 
Stacktrace:
	GetHandleVerifier [0x0123FC53+61635]
	GetHandleVerifier [0x0123FC94+61700]
	(No symbol) [0x010605D3]
	(No symbol) [0x010A899E]
	(No symbol) [0x010A8D3B]
	(No symbol) [0x010F0E12]
	(No symbol) [0x010CD2E4]
	(No symbol) [0x010EE61B]
	(No symbol) [0x010CD096]
	(No symbol) [0x0109C840]
	(No symbol) [0x0109D6A4]
	GetHandleVerifier [0x014C4573+2701795]
	GetHandleVerifier [0x014BFCF6+2683238]
	GetHandleVerifier [0x014DAA3E+2793134]
	GetHandleVerifier [0x01256915+155013]
	GetHandleVerifier [0x0125CFFD+181357]
	GetHandleVerifier [0x012474A8+92440]
	GetHandleVerifier [0x01247650+92864]
	GetHandleVerifier [0x01232040+5296]
	BaseThreadInitThunk [0x76605D49+25]
	RtlInitializeExceptionChain [0x7765CFFB+107]
	RtlGetAppContainerNamedObjectPath [0x7765CF81+561]

2025-05-12 10:47:51,543 - INFO - Processing URL: https://signal.nfx.com/investor-lists/top-advertising-pre-seed-british-columbia-investors
2025-05-12 10:47:51,544 - INFO - Scraping page: https://signal.nfx.com/investor-lists/top-advertising-pre-seed-british-columbia-investors
2025-05-12 10:48:03,033 - ERROR - Error scraping https://signal.nfx.com/investor-lists/top-advertising-pre-seed-british-columbia-investors: Message: 
Stacktrace:
	GetHandleVerifier [0x0123FC53+61635]
	GetHandleVerifier [0x0123FC94+61700]
	(No symbol) [0x010605D3]
	(No symbol) [0x010A899E]
	(No symbol) [0x010A8D3B]
	(No symbol) [0x010F0E12]
	(No symbol) [0x010CD2E4]
	(No symbol) [0x010EE61B]
	(No symbol) [0x010CD096]
	(No symbol) [0x0109C840]
	(No symbol) [0x0109D6A4]
	GetHandleVerifier [0x014C4573+2701795]
	GetHandleVerifier [0x014BFCF6+2683238]
	GetHandleVerifier [0x014DAA3E+2793134]
	GetHandleVerifier [0x01256915+155013]
	GetHandleVerifier [0x0125CFFD+181357]
	GetHandleVerifier [0x012474A8+92440]
	GetHandleVerifier [0x01247650+92864]
	GetHandleVerifier [0x01232040+5296]
	BaseThreadInitThunk [0x76605D49+25]
	RtlInitializeExceptionChain [0x7765CFFB+107]
	RtlGetAppContainerNamedObjectPath [0x7765CF81+561]

2025-05-12 10:48:04,035 - INFO - Processing URL: https://signal.nfx.com/investor-lists/top-advertising-pre-seed-canada-investors
2025-05-12 10:48:04,035 - INFO - Scraping page: https://signal.nfx.com/investor-lists/top-advertising-pre-seed-canada-investors
2025-05-12 10:48:15,153 - ERROR - Error scraping https://signal.nfx.com/investor-lists/top-advertising-pre-seed-canada-investors: Message: 
Stacktrace:
	GetHandleVerifier [0x0123FC53+61635]
	GetHandleVerifier [0x0123FC94+61700]
	(No symbol) [0x010605D3]
	(No symbol) [0x010A899E]
	(No symbol) [0x010A8D3B]
	(No symbol) [0x010F0E12]
	(No symbol) [0x010CD2E4]
	(No symbol) [0x010EE61B]
	(No symbol) [0x010CD096]
	(No symbol) [0x0109C840]
	(No symbol) [0x0109D6A4]
	GetHandleVerifier [0x014C4573+2701795]
	GetHandleVerifier [0x014BFCF6+2683238]
	GetHandleVerifier [0x014DAA3E+2793134]
	GetHandleVerifier [0x01256915+155013]
	GetHandleVerifier [0x0125CFFD+181357]
	GetHandleVerifier [0x012474A8+92440]
	GetHandleVerifier [0x01247650+92864]
	GetHandleVerifier [0x01232040+5296]
	BaseThreadInitThunk [0x76605D49+25]
	RtlInitializeExceptionChain [0x7765CFFB+107]
	RtlGetAppContainerNamedObjectPath [0x7765CF81+561]

2025-05-12 10:48:16,155 - INFO - Processing URL: https://signal.nfx.com/investor-lists/top-advertising-pre-seed-colorado-utah-investors
2025-05-12 10:48:16,156 - INFO - Scraping page: https://signal.nfx.com/investor-lists/top-advertising-pre-seed-colorado-utah-investors
2025-05-12 10:48:32,889 - ERROR - Error scraping https://signal.nfx.com/investor-lists/top-advertising-pre-seed-colorado-utah-investors: Message: 
Stacktrace:
	GetHandleVerifier [0x0123FC53+61635]
	GetHandleVerifier [0x0123FC94+61700]
	(No symbol) [0x010605D3]
	(No symbol) [0x010A899E]
	(No symbol) [0x010A8D3B]
	(No symbol) [0x010F0E12]
	(No symbol) [0x010CD2E4]
	(No symbol) [0x010EE61B]
	(No symbol) [0x010CD096]
	(No symbol) [0x0109C840]
	(No symbol) [0x0109D6A4]
	GetHandleVerifier [0x014C4573+2701795]
	GetHandleVerifier [0x014BFCF6+2683238]
	GetHandleVerifier [0x014DAA3E+2793134]
	GetHandleVerifier [0x01256915+155013]
	GetHandleVerifier [0x0125CFFD+181357]
	GetHandleVerifier [0x012474A8+92440]
	GetHandleVerifier [0x01247650+92864]
	GetHandleVerifier [0x01232040+5296]
	BaseThreadInitThunk [0x76605D49+25]
	RtlInitializeExceptionChain [0x7765CFFB+107]
	RtlGetAppContainerNamedObjectPath [0x7765CF81+561]

2025-05-12 10:48:33,890 - INFO - Processing URL: https://signal.nfx.com/investor-lists/top-advertising-pre-seed-israel-investors
2025-05-12 10:48:33,891 - INFO - Scraping page: https://signal.nfx.com/investor-lists/top-advertising-pre-seed-israel-investors
2025-05-12 10:48:47,820 - ERROR - Error scraping https://signal.nfx.com/investor-lists/top-advertising-pre-seed-israel-investors: Message: 
Stacktrace:
	GetHandleVerifier [0x0123FC53+61635]
	GetHandleVerifier [0x0123FC94+61700]
	(No symbol) [0x010605D3]
	(No symbol) [0x010A899E]
	(No symbol) [0x010A8D3B]
	(No symbol) [0x010F0E12]
	(No symbol) [0x010CD2E4]
	(No symbol) [0x010EE61B]
	(No symbol) [0x010CD096]
	(No symbol) [0x0109C840]
	(No symbol) [0x0109D6A4]
	GetHandleVerifier [0x014C4573+2701795]
	GetHandleVerifier [0x014BFCF6+2683238]
	GetHandleVerifier [0x014DAA3E+2793134]
	GetHandleVerifier [0x01256915+155013]
	GetHandleVerifier [0x0125CFFD+181357]
	GetHandleVerifier [0x012474A8+92440]
	GetHandleVerifier [0x01247650+92864]
	GetHandleVerifier [0x01232040+5296]
	BaseThreadInitThunk [0x76605D49+25]
	RtlInitializeExceptionChain [0x7765CFFB+107]
	RtlGetAppContainerNamedObjectPath [0x7765CF81+561]

2025-05-12 10:48:48,821 - INFO - Processing URL: https://signal.nfx.com/investor-lists/top-advertising-pre-seed-latam-latin-america-investors
2025-05-12 10:48:48,823 - INFO - Scraping page: https://signal.nfx.com/investor-lists/top-advertising-pre-seed-latam-latin-america-investors
2025-05-12 10:49:06,042 - ERROR - Error scraping https://signal.nfx.com/investor-lists/top-advertising-pre-seed-latam-latin-america-investors: Message: 
Stacktrace:
	GetHandleVerifier [0x0123FC53+61635]
	GetHandleVerifier [0x0123FC94+61700]
	(No symbol) [0x010605D3]
	(No symbol) [0x010A899E]
	(No symbol) [0x010A8D3B]
	(No symbol) [0x010F0E12]
	(No symbol) [0x010CD2E4]
	(No symbol) [0x010EE61B]
	(No symbol) [0x010CD096]
	(No symbol) [0x0109C840]
	(No symbol) [0x0109D6A4]
	GetHandleVerifier [0x014C4573+2701795]
	GetHandleVerifier [0x014BFCF6+2683238]
	GetHandleVerifier [0x014DAA3E+2793134]
	GetHandleVerifier [0x01256915+155013]
	GetHandleVerifier [0x0125CFFD+181357]
	GetHandleVerifier [0x012474A8+92440]
	GetHandleVerifier [0x01247650+92864]
	GetHandleVerifier [0x01232040+5296]
	BaseThreadInitThunk [0x76605D49+25]
	RtlInitializeExceptionChain [0x7765CFFB+107]
	RtlGetAppContainerNamedObjectPath [0x7765CF81+561]

2025-05-12 10:49:07,044 - INFO - Total investors collected: 0
2025-05-12 10:49:07,116 - WARNING - No data to save - DataFrame is empty!
2025-05-12 10:54:56,078 - INFO - Starting scraper with sitemap path: sitemap.xml\sitemap.xml
2025-05-12 10:55:24,797 - INFO - Starting scraper with sitemap path: sitemap.xml\sitemap.xml
2025-05-12 10:55:26,412 - INFO - patching driver executable C:\Users\SMIT\appdata\roaming\undetected_chromedriver\undetected_chromedriver.exe
2025-05-12 10:55:27,640 - INFO - Initialized scraper with sitemap path: sitemap.xml\sitemap.xml
2025-05-12 10:55:27,641 - INFO - Reading sitemap file from: sitemap.xml\sitemap.xml
2025-05-12 10:55:27,743 - INFO - Found 5301 investor list URLs in sitemap
2025-05-12 10:55:27,750 - INFO - Limiting scraping to first 5 URLs
2025-05-12 10:55:27,750 - INFO - Processing URL: https://signal.nfx.com/investor-lists
2025-05-12 10:55:27,750 - INFO - Scraping page: https://signal.nfx.com/investor-lists
2025-05-12 10:55:55,734 - ERROR - Error scraping https://signal.nfx.com/investor-lists: Message: 
Stacktrace:
	GetHandleVerifier [0x0045FC53+61635]
	GetHandleVerifier [0x0045FC94+61700]
	(No symbol) [0x002805D3]
	(No symbol) [0x002C899E]
	(No symbol) [0x002C8D3B]
	(No symbol) [0x00310E12]
	(No symbol) [0x002ED2E4]
	(No symbol) [0x0030E61B]
	(No symbol) [0x002ED096]
	(No symbol) [0x002BC840]
	(No symbol) [0x002BD6A4]
	GetHandleVerifier [0x006E4573+2701795]
	GetHandleVerifier [0x006DFCF6+2683238]
	GetHandleVerifier [0x006FAA3E+2793134]
	GetHandleVerifier [0x00476915+155013]
	GetHandleVerifier [0x0047CFFD+181357]
	GetHandleVerifier [0x004674A8+92440]
	GetHandleVerifier [0x00467650+92864]
	GetHandleVerifier [0x00452040+5296]
	BaseThreadInitThunk [0x76605D49+25]
	RtlInitializeExceptionChain [0x7765CFFB+107]
	RtlGetAppContainerNamedObjectPath [0x7765CF81+561]

2025-05-12 10:55:56,927 - INFO - Processing URL: https://signal.nfx.com/investor-lists/methodology
2025-05-12 10:55:56,928 - INFO - Scraping page: https://signal.nfx.com/investor-lists/methodology
2025-05-12 10:56:24,263 - ERROR - Error scraping https://signal.nfx.com/investor-lists/methodology: Message: 
Stacktrace:
	GetHandleVerifier [0x0045FC53+61635]
	GetHandleVerifier [0x0045FC94+61700]
	(No symbol) [0x002805D3]
	(No symbol) [0x002C899E]
	(No symbol) [0x002C8D3B]
	(No symbol) [0x00310E12]
	(No symbol) [0x002ED2E4]
	(No symbol) [0x0030E61B]
	(No symbol) [0x002ED096]
	(No symbol) [0x002BC840]
	(No symbol) [0x002BD6A4]
	GetHandleVerifier [0x006E4573+2701795]
	GetHandleVerifier [0x006DFCF6+2683238]
	GetHandleVerifier [0x006FAA3E+2793134]
	GetHandleVerifier [0x00476915+155013]
	GetHandleVerifier [0x0047CFFD+181357]
	GetHandleVerifier [0x004674A8+92440]
	GetHandleVerifier [0x00467650+92864]
	GetHandleVerifier [0x00452040+5296]
	BaseThreadInitThunk [0x76605D49+25]
	RtlInitializeExceptionChain [0x7765CFFB+107]
	RtlGetAppContainerNamedObjectPath [0x7765CF81+561]

2025-05-12 10:56:26,050 - INFO - Processing URL: https://signal.nfx.com/investor-lists/top-advertising-pre-seed-investors
2025-05-12 10:56:26,050 - INFO - Scraping page: https://signal.nfx.com/investor-lists/top-advertising-pre-seed-investors
2025-05-12 10:56:55,186 - ERROR - Error scraping https://signal.nfx.com/investor-lists/top-advertising-pre-seed-investors: Message: 
Stacktrace:
	GetHandleVerifier [0x0045FC53+61635]
	GetHandleVerifier [0x0045FC94+61700]
	(No symbol) [0x002805D3]
	(No symbol) [0x002C899E]
	(No symbol) [0x002C8D3B]
	(No symbol) [0x00310E12]
	(No symbol) [0x002ED2E4]
	(No symbol) [0x0030E61B]
	(No symbol) [0x002ED096]
	(No symbol) [0x002BC840]
	(No symbol) [0x002BD6A4]
	GetHandleVerifier [0x006E4573+2701795]
	GetHandleVerifier [0x006DFCF6+2683238]
	GetHandleVerifier [0x006FAA3E+2793134]
	GetHandleVerifier [0x00476915+155013]
	GetHandleVerifier [0x0047CFFD+181357]
	GetHandleVerifier [0x004674A8+92440]
	GetHandleVerifier [0x00467650+92864]
	GetHandleVerifier [0x00452040+5296]
	BaseThreadInitThunk [0x76605D49+25]
	RtlInitializeExceptionChain [0x7765CFFB+107]
	RtlGetAppContainerNamedObjectPath [0x7765CF81+561]

2025-05-12 10:56:56,942 - INFO - Processing URL: https://signal.nfx.com/investor-lists/top-advertising-pre-seed-austin-investors
2025-05-12 10:56:56,942 - INFO - Scraping page: https://signal.nfx.com/investor-lists/top-advertising-pre-seed-austin-investors
2025-05-12 10:57:24,799 - ERROR - Error scraping https://signal.nfx.com/investor-lists/top-advertising-pre-seed-austin-investors: Message: 
Stacktrace:
	GetHandleVerifier [0x0045FC53+61635]
	GetHandleVerifier [0x0045FC94+61700]
	(No symbol) [0x002805D3]
	(No symbol) [0x002C899E]
	(No symbol) [0x002C8D3B]
	(No symbol) [0x00310E12]
	(No symbol) [0x002ED2E4]
	(No symbol) [0x0030E61B]
	(No symbol) [0x002ED096]
	(No symbol) [0x002BC840]
	(No symbol) [0x002BD6A4]
	GetHandleVerifier [0x006E4573+2701795]
	GetHandleVerifier [0x006DFCF6+2683238]
	GetHandleVerifier [0x006FAA3E+2793134]
	GetHandleVerifier [0x00476915+155013]
	GetHandleVerifier [0x0047CFFD+181357]
	GetHandleVerifier [0x004674A8+92440]
	GetHandleVerifier [0x00467650+92864]
	GetHandleVerifier [0x00452040+5296]
	BaseThreadInitThunk [0x76605D49+25]
	RtlInitializeExceptionChain [0x7765CFFB+107]
	RtlGetAppContainerNamedObjectPath [0x7765CF81+561]

2025-05-12 10:57:26,616 - INFO - Processing URL: https://signal.nfx.com/investor-lists/top-advertising-pre-seed-boston-new-england-investors
2025-05-12 10:57:26,617 - INFO - Scraping page: https://signal.nfx.com/investor-lists/top-advertising-pre-seed-boston-new-england-investors
2025-05-12 10:57:53,769 - ERROR - Error scraping https://signal.nfx.com/investor-lists/top-advertising-pre-seed-boston-new-england-investors: Message: 
Stacktrace:
	GetHandleVerifier [0x0045FC53+61635]
	GetHandleVerifier [0x0045FC94+61700]
	(No symbol) [0x002805D3]
	(No symbol) [0x002C899E]
	(No symbol) [0x002C8D3B]
	(No symbol) [0x00310E12]
	(No symbol) [0x002ED2E4]
	(No symbol) [0x0030E61B]
	(No symbol) [0x002ED096]
	(No symbol) [0x002BC840]
	(No symbol) [0x002BD6A4]
	GetHandleVerifier [0x006E4573+2701795]
	GetHandleVerifier [0x006DFCF6+2683238]
	GetHandleVerifier [0x006FAA3E+2793134]
	GetHandleVerifier [0x00476915+155013]
	GetHandleVerifier [0x0047CFFD+181357]
	GetHandleVerifier [0x004674A8+92440]
	GetHandleVerifier [0x00467650+92864]
	GetHandleVerifier [0x00452040+5296]
	BaseThreadInitThunk [0x76605D49+25]
	RtlInitializeExceptionChain [0x7765CFFB+107]
	RtlGetAppContainerNamedObjectPath [0x7765CF81+561]

2025-05-12 10:57:55,115 - INFO - Total investors collected: 0
2025-05-12 10:57:55,223 - WARNING - No data to save - DataFrame is empty!
2025-05-12 11:48:40,366 - INFO - Starting scraper with sitemap path: sitemap.xml\sitemap.xml
2025-05-12 11:48:40,367 - INFO - ====== WebDriver manager ======
2025-05-12 11:48:41,977 - INFO - Get LATEST chromedriver version for google-chrome
2025-05-12 11:48:42,420 - INFO - Get LATEST chromedriver version for google-chrome
2025-05-12 11:48:42,755 - INFO - Driver [C:\Users\SMIT\.wdm\drivers\chromedriver\win64\136.0.7103.92\chromedriver-win32/THIRD_PARTY_NOTICES.chromedriver] found in cache
2025-05-12 11:48:47,925 - INFO - patching driver executable C:\Users\SMIT\appdata\roaming\undetected_chromedriver\undetected_chromedriver.exe
2025-05-12 11:48:49,320 - INFO - Initialized scraper with sitemap path: sitemap.xml\sitemap.xml
2025-05-12 11:48:49,320 - INFO - Reading sitemap file from: sitemap.xml\sitemap.xml
2025-05-12 11:48:49,655 - INFO - Found 5301 investor list URLs in sitemap
2025-05-12 11:48:49,664 - INFO - Limiting scraping to first 5 URLs
2025-05-12 11:48:49,665 - INFO - Processing URL: https://signal.nfx.com/investor-lists
2025-05-12 11:48:49,665 - INFO - Scraping page: https://signal.nfx.com/investor-lists
2025-05-12 11:48:57,875 - INFO - Found 0 investor sections on the page
2025-05-12 11:48:57,877 - INFO - Extracted 0 investors from the page
2025-05-12 11:48:59,328 - INFO - Processing URL: https://signal.nfx.com/investor-lists/methodology
2025-05-12 11:48:59,328 - INFO - Scraping page: https://signal.nfx.com/investor-lists/methodology
2025-05-12 11:49:05,676 - INFO - Found 0 investor sections on the page
2025-05-12 11:49:05,678 - INFO - Extracted 0 investors from the page
2025-05-12 11:49:06,968 - INFO - Processing URL: https://signal.nfx.com/investor-lists/top-advertising-pre-seed-investors
2025-05-12 11:49:06,969 - INFO - Scraping page: https://signal.nfx.com/investor-lists/top-advertising-pre-seed-investors
2025-05-12 11:49:11,269 - INFO - Found 0 investor sections on the page
2025-05-12 11:49:11,276 - INFO - Extracted 0 investors from the page
2025-05-12 11:49:12,356 - INFO - Processing URL: https://signal.nfx.com/investor-lists/top-advertising-pre-seed-austin-investors
2025-05-12 11:49:12,356 - INFO - Scraping page: https://signal.nfx.com/investor-lists/top-advertising-pre-seed-austin-investors
2025-05-12 11:49:20,854 - INFO - Found 0 investor sections on the page
2025-05-12 11:49:20,854 - INFO - Extracted 0 investors from the page
2025-05-12 11:49:22,517 - INFO - Processing URL: https://signal.nfx.com/investor-lists/top-advertising-pre-seed-boston-new-england-investors
2025-05-12 11:49:22,518 - INFO - Scraping page: https://signal.nfx.com/investor-lists/top-advertising-pre-seed-boston-new-england-investors
2025-05-12 11:49:26,805 - INFO - Found 0 investor sections on the page
2025-05-12 11:49:26,806 - INFO - Extracted 0 investors from the page
2025-05-12 11:49:28,230 - INFO - Total investors collected: 0
2025-05-12 11:49:28,301 - WARNING - No data to save - DataFrame is empty!
2025-05-12 11:50:35,477 - INFO - Starting scraper with sitemap path: sitemap.xml\sitemap.xml
2025-05-12 11:50:35,478 - INFO - ====== WebDriver manager ======
2025-05-12 11:50:36,540 - INFO - Get LATEST chromedriver version for google-chrome
2025-05-12 11:50:36,871 - INFO - Get LATEST chromedriver version for google-chrome
2025-05-12 11:50:37,197 - INFO - Driver [C:\Users\SMIT\.wdm\drivers\chromedriver\win64\136.0.7103.92\chromedriver-win32/THIRD_PARTY_NOTICES.chromedriver] found in cache
2025-05-12 11:50:42,872 - INFO - patching driver executable C:\Users\SMIT\appdata\roaming\undetected_chromedriver\undetected_chromedriver.exe
2025-05-12 11:50:44,135 - INFO - Initialized scraper with sitemap path: sitemap.xml\sitemap.xml
2025-05-12 11:50:44,136 - INFO - Reading sitemap file from: sitemap.xml\sitemap.xml
2025-05-12 11:50:44,327 - INFO - Found 5301 investor list URLs in sitemap
2025-05-12 11:50:44,341 - INFO - Limiting scraping to first 5 URLs
2025-05-12 11:50:44,341 - INFO - Processing URL: https://signal.nfx.com/investor-lists
2025-05-12 11:50:44,342 - INFO - Scraping page: https://signal.nfx.com/investor-lists
2025-05-12 11:50:58,621 - INFO - Processing URL: https://signal.nfx.com/investor-lists/methodology
2025-05-12 11:50:58,622 - INFO - Scraping page: https://signal.nfx.com/investor-lists/methodology
2025-05-12 11:51:16,023 - INFO - Processing URL: https://signal.nfx.com/investor-lists/top-advertising-pre-seed-investors
2025-05-12 11:51:16,024 - INFO - Scraping page: https://signal.nfx.com/investor-lists/top-advertising-pre-seed-investors
2025-05-12 11:51:25,124 - INFO - Processing URL: https://signal.nfx.com/investor-lists/top-advertising-pre-seed-austin-investors
2025-05-12 11:51:25,125 - INFO - Scraping page: https://signal.nfx.com/investor-lists/top-advertising-pre-seed-austin-investors
2025-05-12 11:51:32,965 - INFO - Processing URL: https://signal.nfx.com/investor-lists/top-advertising-pre-seed-boston-new-england-investors
2025-05-12 11:51:32,967 - INFO - Scraping page: https://signal.nfx.com/investor-lists/top-advertising-pre-seed-boston-new-england-investors
2025-05-12 11:51:39,463 - INFO - Total pages collected: 5
2025-05-12 11:51:39,512 - INFO - Saved 5 rows to investor_data.csv
2025-05-12 12:06:40,444 - INFO - Starting scraper with sitemap path: sitemap.xml\sitemap.xml
2025-05-12 12:06:40,447 - INFO - ====== WebDriver manager ======
2025-05-12 12:06:41,650 - INFO - Get LATEST chromedriver version for google-chrome
2025-05-12 12:06:42,141 - INFO - Get LATEST chromedriver version for google-chrome
2025-05-12 12:06:42,455 - INFO - Driver [C:\Users\SMIT\.wdm\drivers\chromedriver\win64\136.0.7103.92\chromedriver-win32/THIRD_PARTY_NOTICES.chromedriver] found in cache
2025-05-12 12:07:01,988 - INFO - patching driver executable C:\Users\SMIT\appdata\roaming\undetected_chromedriver\undetected_chromedriver.exe
2025-05-12 12:07:03,877 - INFO - Initialized scraper with sitemap path: sitemap.xml\sitemap.xml
2025-05-12 12:07:03,877 - INFO - Reading sitemap file from: sitemap.xml\sitemap.xml
2025-05-12 12:07:04,083 - INFO - Found 5301 investor list URLs in sitemap
2025-05-12 12:07:04,094 - INFO - Limiting scraping to first 5 URLs
2025-05-12 12:07:04,094 - WARNING - No cookies file found
2025-05-12 12:07:04,094 - INFO - Processing URL: https://signal.nfx.com/investor-lists
2025-05-12 12:07:04,095 - INFO - Scraping page: https://signal.nfx.com/investor-lists
2025-05-12 12:07:16,397 - INFO - Processing URL: https://signal.nfx.com/investor-lists/methodology
2025-05-12 12:07:16,400 - INFO - Scraping page: https://signal.nfx.com/investor-lists/methodology
2025-05-12 12:07:24,859 - INFO - Processing URL: https://signal.nfx.com/investor-lists/top-advertising-pre-seed-investors
2025-05-12 12:07:24,861 - INFO - Scraping page: https://signal.nfx.com/investor-lists/top-advertising-pre-seed-investors
2025-05-12 12:07:38,968 - INFO - Processing URL: https://signal.nfx.com/investor-lists/top-advertising-pre-seed-austin-investors
2025-05-12 12:07:38,970 - INFO - Scraping page: https://signal.nfx.com/investor-lists/top-advertising-pre-seed-austin-investors
2025-05-12 12:07:47,901 - INFO - Processing URL: https://signal.nfx.com/investor-lists/top-advertising-pre-seed-boston-new-england-investors
2025-05-12 12:07:47,914 - INFO - Scraping page: https://signal.nfx.com/investor-lists/top-advertising-pre-seed-boston-new-england-investors
2025-05-12 12:07:54,137 - INFO - Authentication required. Please log in manually...
2025-05-12 12:09:49,362 - INFO - Cookies saved successfully
2025-05-12 12:09:49,363 - INFO - Login successful, cookies saved
2025-05-12 12:09:56,695 - INFO - Total pages collected: 5
2025-05-12 12:09:56,765 - INFO - Saved 5 rows to investor_data.csv
2025-05-12 12:10:12,487 - INFO - Starting scraper with sitemap path: sitemap.xml\sitemap.xml
2025-05-12 12:10:12,487 - INFO - ====== WebDriver manager ======
2025-05-12 12:10:13,575 - INFO - Get LATEST chromedriver version for google-chrome
2025-05-12 12:10:14,061 - INFO - Get LATEST chromedriver version for google-chrome
2025-05-12 12:10:14,622 - INFO - Driver [C:\Users\SMIT\.wdm\drivers\chromedriver\win64\136.0.7103.92\chromedriver-win32/THIRD_PARTY_NOTICES.chromedriver] found in cache
2025-05-12 12:10:34,817 - INFO - patching driver executable C:\Users\SMIT\appdata\roaming\undetected_chromedriver\undetected_chromedriver.exe
2025-05-12 12:10:36,181 - INFO - Initialized scraper with sitemap path: sitemap.xml\sitemap.xml
2025-05-12 12:10:36,182 - INFO - Reading sitemap file from: sitemap.xml\sitemap.xml
2025-05-12 12:10:36,381 - INFO - Found 5301 investor list URLs in sitemap
2025-05-12 12:10:36,393 - INFO - Limiting scraping to first 5 URLs
2025-05-12 12:10:36,411 - ERROR - Error loading cookies: Message: invalid cookie domain
  (Session info: chrome=136.0.7103.93)
Stacktrace:
	GetHandleVerifier [0x0041FC53+61635]
	GetHandleVerifier [0x0041FC94+61700]
	(No symbol) [0x0024044E]
	(No symbol) [0x002DF100]
	(No symbol) [0x002AD29C]
	(No symbol) [0x002CE61B]
	(No symbol) [0x002AD096]
	(No symbol) [0x0027C840]
	(No symbol) [0x0027D6A4]
	GetHandleVerifier [0x006A4573+2701795]
	GetHandleVerifier [0x0069FCF6+2683238]
	GetHandleVerifier [0x006BAA3E+2793134]
	GetHandleVerifier [0x00436915+155013]
	GetHandleVerifier [0x0043CFFD+181357]
	GetHandleVerifier [0x004274A8+92440]
	GetHandleVerifier [0x00427650+92864]
	GetHandleVerifier [0x00412040+5296]
	BaseThreadInitThunk [0x76605D49+25]
	RtlInitializeExceptionChain [0x7765CFFB+107]
	RtlGetAppContainerNamedObjectPath [0x7765CF81+561]

2025-05-12 12:10:36,412 - INFO - Processing URL: https://signal.nfx.com/investor-lists
2025-05-12 12:10:36,413 - INFO - Scraping page: https://signal.nfx.com/investor-lists
2025-05-12 12:10:44,933 - INFO - Processing URL: https://signal.nfx.com/investor-lists/methodology
2025-05-12 12:10:44,934 - INFO - Scraping page: https://signal.nfx.com/investor-lists/methodology
2025-05-12 12:10:52,959 - INFO - Processing URL: https://signal.nfx.com/investor-lists/top-advertising-pre-seed-investors
2025-05-12 12:10:52,960 - INFO - Scraping page: https://signal.nfx.com/investor-lists/top-advertising-pre-seed-investors
2025-05-12 12:11:10,234 - INFO - Processing URL: https://signal.nfx.com/investor-lists/top-advertising-pre-seed-austin-investors
2025-05-12 12:11:10,333 - INFO - Scraping page: https://signal.nfx.com/investor-lists/top-advertising-pre-seed-austin-investors
2025-05-12 12:11:24,364 - INFO - Processing URL: https://signal.nfx.com/investor-lists/top-advertising-pre-seed-boston-new-england-investors
2025-05-12 12:11:24,368 - INFO - Scraping page: https://signal.nfx.com/investor-lists/top-advertising-pre-seed-boston-new-england-investors
2025-05-12 12:11:34,160 - INFO - Authentication required.
2025-05-12 12:11:34,463 - INFO - Cookies loaded successfully
2025-05-12 12:11:34,711 - INFO - Cookies loaded successfully
2025-05-12 12:11:40,997 - INFO - Successfully authenticated with cookies
2025-05-12 12:11:48,078 - INFO - Total pages collected: 5
2025-05-12 12:11:48,097 - INFO - Saved 5 rows to investor_data.csv
2025-05-12 12:41:57,981 - INFO - Starting scraper with sitemap path: sitemap.xml\sitemap.xml
2025-05-12 12:41:57,982 - INFO - ====== WebDriver manager ======
2025-05-12 12:41:59,649 - INFO - Get LATEST chromedriver version for google-chrome
2025-05-12 12:42:00,160 - INFO - Get LATEST chromedriver version for google-chrome
2025-05-12 12:42:00,592 - INFO - Driver [C:\Users\SMIT\.wdm\drivers\chromedriver\win64\136.0.7103.92\chromedriver-win32/THIRD_PARTY_NOTICES.chromedriver] found in cache
2025-05-12 12:42:03,658 - INFO - patching driver executable C:\Users\SMIT\appdata\roaming\undetected_chromedriver\undetected_chromedriver.exe
2025-05-12 12:42:05,930 - INFO - Initialized scraper with sitemap path: sitemap.xml\sitemap.xml
2025-05-12 12:42:05,933 - INFO - Reading sitemap file from: sitemap.xml\sitemap.xml
2025-05-12 12:42:06,258 - INFO - Found 5301 investor list URLs in sitemap
2025-05-12 12:42:06,279 - INFO - Limiting scraping to first 5 URLs
2025-05-12 12:42:06,292 - ERROR - Error loading cookies: Message: invalid cookie domain
  (Session info: chrome=136.0.7103.93)
Stacktrace:
	GetHandleVerifier [0x00C9FC53+61635]
	GetHandleVerifier [0x00C9FC94+61700]
	(No symbol) [0x00AC044E]
	(No symbol) [0x00B5F100]
	(No symbol) [0x00B2D29C]
	(No symbol) [0x00B4E61B]
	(No symbol) [0x00B2D096]
	(No symbol) [0x00AFC840]
	(No symbol) [0x00AFD6A4]
	GetHandleVerifier [0x00F24573+2701795]
	GetHandleVerifier [0x00F1FCF6+2683238]
	GetHandleVerifier [0x00F3AA3E+2793134]
	GetHandleVerifier [0x00CB6915+155013]
	GetHandleVerifier [0x00CBCFFD+181357]
	GetHandleVerifier [0x00CA74A8+92440]
	GetHandleVerifier [0x00CA7650+92864]
	GetHandleVerifier [0x00C92040+5296]
	BaseThreadInitThunk [0x76605D49+25]
	RtlInitializeExceptionChain [0x7765CFFB+107]
	RtlGetAppContainerNamedObjectPath [0x7765CF81+561]

2025-05-12 12:42:06,293 - INFO - Processing URL: https://signal.nfx.com/investor-lists
2025-05-12 12:42:06,294 - INFO - Scraping page: https://signal.nfx.com/investor-lists
2025-05-12 12:42:22,378 - INFO - Processing URL: https://signal.nfx.com/investor-lists/methodology
2025-05-12 12:42:22,383 - INFO - Scraping page: https://signal.nfx.com/investor-lists/methodology
2025-05-12 12:42:29,753 - INFO - Processing URL: https://signal.nfx.com/investor-lists/top-advertising-pre-seed-investors
2025-05-12 12:42:29,753 - INFO - Scraping page: https://signal.nfx.com/investor-lists/top-advertising-pre-seed-investors
2025-05-12 12:42:41,596 - INFO - Processing URL: https://signal.nfx.com/investor-lists/top-advertising-pre-seed-austin-investors
2025-05-12 12:42:41,597 - INFO - Scraping page: https://signal.nfx.com/investor-lists/top-advertising-pre-seed-austin-investors
2025-05-12 12:42:53,485 - INFO - Processing URL: https://signal.nfx.com/investor-lists/top-advertising-pre-seed-boston-new-england-investors
2025-05-12 12:42:53,487 - INFO - Scraping page: https://signal.nfx.com/investor-lists/top-advertising-pre-seed-boston-new-england-investors
2025-05-12 12:42:59,857 - INFO - Authentication required.
2025-05-12 12:43:49,717 - INFO - Starting scraper with sitemap path: sitemap.xml\sitemap.xml
2025-05-12 12:43:49,717 - INFO - ====== WebDriver manager ======
2025-05-12 12:43:50,764 - INFO - Get LATEST chromedriver version for google-chrome
2025-05-12 12:43:51,264 - INFO - Get LATEST chromedriver version for google-chrome
2025-05-12 12:43:51,717 - INFO - Driver [C:\Users\SMIT\.wdm\drivers\chromedriver\win64\136.0.7103.92\chromedriver-win32/THIRD_PARTY_NOTICES.chromedriver] found in cache
2025-05-12 12:43:55,757 - INFO - patching driver executable C:\Users\SMIT\appdata\roaming\undetected_chromedriver\undetected_chromedriver.exe
2025-05-12 12:43:56,896 - INFO - Initialized scraper with sitemap path: sitemap.xml\sitemap.xml
2025-05-12 12:43:56,897 - INFO - Reading sitemap file from: sitemap.xml\sitemap.xml
2025-05-12 12:43:57,053 - INFO - Found 5301 investor list URLs in sitemap
2025-05-12 12:43:57,061 - INFO - Limiting scraping to first 5 URLs
2025-05-12 12:43:57,075 - ERROR - Error loading cookies: Message: invalid cookie domain
  (Session info: chrome=136.0.7103.93)
Stacktrace:
	GetHandleVerifier [0x00B0FC53+61635]
	GetHandleVerifier [0x00B0FC94+61700]
	(No symbol) [0x0093044E]
	(No symbol) [0x009CF100]
	(No symbol) [0x0099D29C]
	(No symbol) [0x009BE61B]
	(No symbol) [0x0099D096]
	(No symbol) [0x0096C840]
	(No symbol) [0x0096D6A4]
	GetHandleVerifier [0x00D94573+2701795]
	GetHandleVerifier [0x00D8FCF6+2683238]
	GetHandleVerifier [0x00DAAA3E+2793134]
	GetHandleVerifier [0x00B26915+155013]
	GetHandleVerifier [0x00B2CFFD+181357]
	GetHandleVerifier [0x00B174A8+92440]
	GetHandleVerifier [0x00B17650+92864]
	GetHandleVerifier [0x00B02040+5296]
	BaseThreadInitThunk [0x76605D49+25]
	RtlInitializeExceptionChain [0x7765CFFB+107]
	RtlGetAppContainerNamedObjectPath [0x7765CF81+561]

2025-05-12 12:43:57,076 - INFO - Processing URL: https://signal.nfx.com/investor-lists
2025-05-12 12:43:57,076 - INFO - Scraping page: https://signal.nfx.com/investor-lists
2025-05-12 12:44:14,687 - INFO - Processing URL: https://signal.nfx.com/investor-lists/methodology
2025-05-12 12:44:14,688 - INFO - Scraping page: https://signal.nfx.com/investor-lists/methodology
2025-05-12 12:44:20,832 - INFO - Processing URL: https://signal.nfx.com/investor-lists/top-advertising-pre-seed-investors
2025-05-12 12:44:20,832 - INFO - Scraping page: https://signal.nfx.com/investor-lists/top-advertising-pre-seed-investors
2025-05-12 12:44:30,217 - INFO - Processing URL: https://signal.nfx.com/investor-lists/top-advertising-pre-seed-austin-investors
2025-05-12 12:44:30,218 - INFO - Scraping page: https://signal.nfx.com/investor-lists/top-advertising-pre-seed-austin-investors
2025-05-12 12:44:37,485 - INFO - Processing URL: https://signal.nfx.com/investor-lists/top-advertising-pre-seed-boston-new-england-investors
2025-05-12 12:44:37,485 - INFO - Scraping page: https://signal.nfx.com/investor-lists/top-advertising-pre-seed-boston-new-england-investors
2025-05-12 12:44:42,189 - INFO - Authentication required.
2025-05-12 12:45:36,853 - INFO - Login successful
2025-05-12 12:45:43,933 - INFO - Total pages collected: 5
2025-05-12 12:45:44,061 - INFO - Saved 5 rows to investor_data.csv
2025-05-12 13:23:35,870 - INFO - Starting scraper with sitemap path: sitemap.xml\sitemap.xml
2025-05-12 13:23:35,871 - INFO - ====== WebDriver manager ======
2025-05-12 13:23:37,117 - INFO - Get LATEST chromedriver version for google-chrome
2025-05-12 13:23:37,579 - INFO - Get LATEST chromedriver version for google-chrome
2025-05-12 13:23:38,621 - INFO - Driver [C:\Users\SMIT\.wdm\drivers\chromedriver\win64\136.0.7103.92\chromedriver-win32/THIRD_PARTY_NOTICES.chromedriver] found in cache
2025-05-12 13:23:44,215 - INFO - patching driver executable C:\Users\SMIT\appdata\roaming\undetected_chromedriver\undetected_chromedriver.exe
2025-05-12 13:23:45,479 - INFO - Initialized scraper with sitemap path: sitemap.xml\sitemap.xml
2025-05-12 13:23:45,480 - INFO - Reading sitemap file from: sitemap.xml\sitemap.xml
2025-05-12 13:23:45,869 - INFO - Found 5301 investor list URLs in sitemap
2025-05-12 13:23:45,887 - INFO - Limiting scraping to first 5 URLs
2025-05-12 13:23:45,915 - ERROR - Error loading cookies: Message: invalid cookie domain
  (Session info: chrome=136.0.7103.93)
Stacktrace:
	GetHandleVerifier [0x00F4FC53+61635]
	GetHandleVerifier [0x00F4FC94+61700]
	(No symbol) [0x00D7044E]
	(No symbol) [0x00E0F100]
	(No symbol) [0x00DDD29C]
	(No symbol) [0x00DFE61B]
	(No symbol) [0x00DDD096]
	(No symbol) [0x00DAC840]
	(No symbol) [0x00DAD6A4]
	GetHandleVerifier [0x011D4573+2701795]
	GetHandleVerifier [0x011CFCF6+2683238]
	GetHandleVerifier [0x011EAA3E+2793134]
	GetHandleVerifier [0x00F66915+155013]
	GetHandleVerifier [0x00F6CFFD+181357]
	GetHandleVerifier [0x00F574A8+92440]
	GetHandleVerifier [0x00F57650+92864]
	GetHandleVerifier [0x00F42040+5296]
	BaseThreadInitThunk [0x76605D49+25]
	RtlInitializeExceptionChain [0x7765CFFB+107]
	RtlGetAppContainerNamedObjectPath [0x7765CF81+561]

2025-05-12 13:23:45,918 - INFO - Processing URL: https://signal.nfx.com/investor-lists
2025-05-12 13:23:45,919 - INFO - Scraping page: https://signal.nfx.com/investor-lists
2025-05-12 13:23:55,793 - INFO - Processing URL: https://signal.nfx.com/investor-lists/methodology
2025-05-12 13:23:55,794 - INFO - Scraping page: https://signal.nfx.com/investor-lists/methodology
2025-05-12 13:24:05,311 - INFO - Processing URL: https://signal.nfx.com/investor-lists/top-advertising-pre-seed-investors
2025-05-12 13:24:05,372 - INFO - Scraping page: https://signal.nfx.com/investor-lists/top-advertising-pre-seed-investors
2025-05-12 13:24:14,345 - INFO - Processing URL: https://signal.nfx.com/investor-lists/top-advertising-pre-seed-austin-investors
2025-05-12 13:24:14,347 - INFO - Scraping page: https://signal.nfx.com/investor-lists/top-advertising-pre-seed-austin-investors
2025-05-12 13:24:23,016 - INFO - Processing URL: https://signal.nfx.com/investor-lists/top-advertising-pre-seed-boston-new-england-investors
2025-05-12 13:24:23,016 - INFO - Scraping page: https://signal.nfx.com/investor-lists/top-advertising-pre-seed-boston-new-england-investors
2025-05-12 13:24:26,405 - INFO - Authentication required.
2025-05-12 13:26:27,936 - INFO - Login successful
2025-05-12 13:26:34,353 - INFO - Total pages collected: 5
2025-05-12 13:26:34,471 - INFO - Saved 5 rows to investor_data.csv
2025-05-12 13:27:56,636 - INFO - Starting scraper with sitemap path: sitemap.xml\sitemap.xml
2025-05-12 13:27:56,636 - INFO - ====== WebDriver manager ======
2025-05-12 13:27:57,862 - INFO - Get LATEST chromedriver version for google-chrome
2025-05-12 13:27:58,278 - INFO - Get LATEST chromedriver version for google-chrome
2025-05-12 13:27:58,693 - INFO - Driver [C:\Users\SMIT\.wdm\drivers\chromedriver\win64\136.0.7103.92\chromedriver-win32/THIRD_PARTY_NOTICES.chromedriver] found in cache
2025-05-12 13:28:10,767 - INFO - patching driver executable C:\Users\SMIT\appdata\roaming\undetected_chromedriver\undetected_chromedriver.exe
2025-05-12 13:28:12,001 - INFO - Initialized scraper with sitemap path: sitemap.xml\sitemap.xml
2025-05-12 13:28:12,002 - INFO - Reading sitemap file from: sitemap.xml\sitemap.xml
2025-05-12 13:28:12,164 - INFO - Found 5301 investor list URLs in sitemap
2025-05-12 13:28:12,172 - INFO - Limiting scraping to first 5 URLs
2025-05-12 13:28:12,185 - ERROR - Error loading cookies: Message: invalid cookie domain
  (Session info: chrome=136.0.7103.93)
Stacktrace:
	GetHandleVerifier [0x0106FC53+61635]
	GetHandleVerifier [0x0106FC94+61700]
	(No symbol) [0x00E9044E]
	(No symbol) [0x00F2F100]
	(No symbol) [0x00EFD29C]
	(No symbol) [0x00F1E61B]
	(No symbol) [0x00EFD096]
	(No symbol) [0x00ECC840]
	(No symbol) [0x00ECD6A4]
	GetHandleVerifier [0x012F4573+2701795]
	GetHandleVerifier [0x012EFCF6+2683238]
	GetHandleVerifier [0x0130AA3E+2793134]
	GetHandleVerifier [0x01086915+155013]
	GetHandleVerifier [0x0108CFFD+181357]
	GetHandleVerifier [0x010774A8+92440]
	GetHandleVerifier [0x01077650+92864]
	GetHandleVerifier [0x01062040+5296]
	BaseThreadInitThunk [0x76605D49+25]
	RtlInitializeExceptionChain [0x7765CFFB+107]
	RtlGetAppContainerNamedObjectPath [0x7765CF81+561]

2025-05-12 13:28:12,186 - INFO - Processing URL: https://signal.nfx.com/investor-lists
2025-05-12 13:28:12,186 - INFO - Scraping page: https://signal.nfx.com/investor-lists
2025-05-12 13:28:25,645 - INFO - Processing URL: https://signal.nfx.com/investor-lists/methodology
2025-05-12 13:28:25,648 - INFO - Scraping page: https://signal.nfx.com/investor-lists/methodology
2025-05-12 13:28:30,983 - INFO - Processing URL: https://signal.nfx.com/investor-lists/top-advertising-pre-seed-investors
2025-05-12 13:28:30,984 - INFO - Scraping page: https://signal.nfx.com/investor-lists/top-advertising-pre-seed-investors
2025-05-12 13:28:44,158 - INFO - Processing URL: https://signal.nfx.com/investor-lists/top-advertising-pre-seed-austin-investors
2025-05-12 13:28:44,162 - INFO - Scraping page: https://signal.nfx.com/investor-lists/top-advertising-pre-seed-austin-investors
2025-05-12 13:28:59,376 - INFO - Processing URL: https://signal.nfx.com/investor-lists/top-advertising-pre-seed-boston-new-england-investors
2025-05-12 13:28:59,379 - INFO - Scraping page: https://signal.nfx.com/investor-lists/top-advertising-pre-seed-boston-new-england-investors
2025-05-12 13:29:04,577 - INFO - Authentication required.
2025-05-12 13:36:13,890 - INFO - Starting scraper with sitemap path: sitemap.xml\sitemap.xml
2025-05-12 13:36:13,891 - INFO - ====== WebDriver manager ======
2025-05-12 13:36:15,028 - INFO - Get LATEST chromedriver version for google-chrome
2025-05-12 13:36:15,448 - INFO - Get LATEST chromedriver version for google-chrome
2025-05-12 13:36:15,796 - INFO - Driver [C:\Users\SMIT\.wdm\drivers\chromedriver\win64\136.0.7103.92\chromedriver-win32/THIRD_PARTY_NOTICES.chromedriver] found in cache
2025-05-12 13:36:20,362 - INFO - patching driver executable C:\Users\SMIT\appdata\roaming\undetected_chromedriver\undetected_chromedriver.exe
2025-05-12 13:36:21,882 - INFO - Initialized scraper with sitemap path: sitemap.xml\sitemap.xml
2025-05-12 13:36:21,882 - INFO - Reading sitemap file from: sitemap.xml\sitemap.xml
2025-05-12 13:36:22,033 - INFO - Found 5301 investor list URLs in sitemap
2025-05-12 13:36:22,044 - INFO - Limiting scraping to first 5 URLs
2025-05-12 13:36:27,320 - WARNING - No cookies file found
2025-05-12 13:36:27,335 - INFO - Processing URL: https://signal.nfx.com/investor-lists
2025-05-12 13:36:27,336 - INFO - Scraping page: https://signal.nfx.com/investor-lists
2025-05-12 13:36:28,616 - WARNING - No cookies file found
2025-05-12 13:36:33,888 - INFO - Authentication required. Please log in manually...
2025-05-12 13:37:27,089 - INFO - Cookies saved successfully
2025-05-12 13:37:27,091 - INFO - Login successful, cookies saved
2025-05-12 13:37:29,229 - INFO - Cookies loaded successfully
2025-05-12 13:37:37,697 - INFO - Processing URL: https://signal.nfx.com/investor-lists/methodology
2025-05-12 13:37:37,698 - INFO - Scraping page: https://signal.nfx.com/investor-lists/methodology
2025-05-12 13:37:39,958 - INFO - Cookies loaded successfully
2025-05-12 13:37:48,284 - INFO - Processing URL: https://signal.nfx.com/investor-lists/top-advertising-pre-seed-investors
2025-05-12 13:37:48,292 - INFO - Scraping page: https://signal.nfx.com/investor-lists/top-advertising-pre-seed-investors
2025-05-12 13:37:50,276 - INFO - Cookies loaded successfully
2025-05-12 13:37:58,691 - INFO - Processing URL: https://signal.nfx.com/investor-lists/top-advertising-pre-seed-austin-investors
2025-05-12 13:37:58,691 - INFO - Scraping page: https://signal.nfx.com/investor-lists/top-advertising-pre-seed-austin-investors
2025-05-12 13:38:00,832 - INFO - Cookies loaded successfully
2025-05-12 13:38:10,110 - INFO - Processing URL: https://signal.nfx.com/investor-lists/top-advertising-pre-seed-boston-new-england-investors
2025-05-12 13:38:10,111 - INFO - Scraping page: https://signal.nfx.com/investor-lists/top-advertising-pre-seed-boston-new-england-investors
2025-05-12 13:38:12,109 - INFO - Cookies loaded successfully
2025-05-12 13:38:21,459 - INFO - Total pages collected: 5
2025-05-12 13:38:21,494 - INFO - Saved 5 rows to investor_data.csv
2025-05-12 13:53:08,955 - INFO - Starting scraper with sitemap path: sitemap.xml\sitemap.xml
2025-05-12 13:53:08,955 - INFO - ====== WebDriver manager ======
2025-05-12 13:53:09,932 - INFO - Get LATEST chromedriver version for google-chrome
2025-05-12 13:53:10,370 - INFO - Get LATEST chromedriver version for google-chrome
2025-05-12 13:53:10,806 - INFO - Driver [C:\Users\SMIT\.wdm\drivers\chromedriver\win64\136.0.7103.92\chromedriver-win32/THIRD_PARTY_NOTICES.chromedriver] found in cache
2025-05-12 13:53:16,140 - INFO - patching driver executable C:\Users\SMIT\appdata\roaming\undetected_chromedriver\undetected_chromedriver.exe
2025-05-12 13:53:17,307 - INFO - Initialized scraper with sitemap path: sitemap.xml\sitemap.xml
2025-05-12 13:53:17,308 - INFO - Reading sitemap file from: sitemap.xml\sitemap.xml
2025-05-12 13:53:17,549 - INFO - Found 5301 investor list URLs in sitemap
2025-05-12 13:53:17,565 - INFO - Limiting scraping to first 5 URLs
2025-05-12 13:53:17,565 - WARNING - No cookies file found
2025-05-12 13:53:17,566 - INFO - Processing URL: https://signal.nfx.com/investor-lists
2025-05-12 13:53:17,566 - INFO - Scraping page: https://signal.nfx.com/investor-lists
2025-05-12 13:53:17,566 - WARNING - No cookies file found
2025-05-12 13:53:24,445 - INFO - Authentication required. Please log in manually...
2025-05-12 13:54:38,547 - INFO - Cookies saved successfully
2025-05-12 13:54:38,549 - INFO - Login successful, cookies saved
2025-05-12 13:54:43,064 - INFO - Cookies loaded successfully
2025-05-12 13:54:47,860 - INFO - Found 0 investor sections on the page
2025-05-12 13:54:47,861 - INFO - Extracted 0 investors from the page
2025-05-12 13:54:49,664 - INFO - Processing URL: https://signal.nfx.com/investor-lists/methodology
2025-05-12 13:54:49,664 - INFO - Scraping page: https://signal.nfx.com/investor-lists/methodology
2025-05-12 13:54:51,823 - INFO - Cookies loaded successfully
2025-05-12 13:54:58,596 - INFO - Found 0 investor sections on the page
2025-05-12 13:54:58,597 - INFO - Extracted 0 investors from the page
2025-05-12 13:55:00,526 - INFO - Processing URL: https://signal.nfx.com/investor-lists/top-advertising-pre-seed-investors
2025-05-12 13:55:00,526 - INFO - Scraping page: https://signal.nfx.com/investor-lists/top-advertising-pre-seed-investors
2025-05-12 13:55:02,680 - INFO - Cookies loaded successfully
2025-05-12 13:55:10,733 - INFO - Found 0 investor sections on the page
2025-05-12 13:55:10,734 - INFO - Extracted 0 investors from the page
2025-05-12 13:55:12,523 - INFO - Processing URL: https://signal.nfx.com/investor-lists/top-advertising-pre-seed-austin-investors
2025-05-12 13:55:12,523 - INFO - Scraping page: https://signal.nfx.com/investor-lists/top-advertising-pre-seed-austin-investors
2025-05-12 13:55:13,836 - INFO - Cookies loaded successfully
2025-05-12 13:55:18,127 - INFO - Found 0 investor sections on the page
2025-05-12 13:55:18,128 - INFO - Extracted 0 investors from the page
2025-05-12 13:55:19,638 - INFO - Processing URL: https://signal.nfx.com/investor-lists/top-advertising-pre-seed-boston-new-england-investors
2025-05-12 13:55:19,639 - INFO - Scraping page: https://signal.nfx.com/investor-lists/top-advertising-pre-seed-boston-new-england-investors
2025-05-12 13:55:21,033 - INFO - Cookies loaded successfully
2025-05-12 13:55:25,584 - INFO - Found 0 investor sections on the page
2025-05-12 13:55:25,584 - INFO - Extracted 0 investors from the page
2025-05-12 13:55:27,342 - INFO - Total investors collected: 0
2025-05-12 13:55:27,342 - WARNING - No data to save - DataFrame is empty!
2025-05-12 13:57:31,045 - INFO - Starting scraper with sitemap path: sitemap.xml\sitemap.xml
2025-05-12 13:57:31,046 - INFO - ====== WebDriver manager ======
2025-05-12 13:57:32,103 - INFO - Get LATEST chromedriver version for google-chrome
2025-05-12 13:57:32,409 - INFO - Get LATEST chromedriver version for google-chrome
2025-05-12 13:57:32,749 - INFO - Driver [C:\Users\SMIT\.wdm\drivers\chromedriver\win64\136.0.7103.92\chromedriver-win32/THIRD_PARTY_NOTICES.chromedriver] found in cache
2025-05-12 13:57:40,624 - INFO - patching driver executable C:\Users\SMIT\appdata\roaming\undetected_chromedriver\undetected_chromedriver.exe
2025-05-12 13:57:41,712 - INFO - Initialized scraper with sitemap path: sitemap.xml\sitemap.xml
2025-05-12 13:57:41,712 - INFO - Reading sitemap file from: sitemap.xml\sitemap.xml
2025-05-12 13:57:41,923 - INFO - Found 5301 investor list URLs in sitemap
2025-05-12 13:57:41,940 - INFO - Limiting scraping to first 5 URLs
2025-05-12 13:57:44,597 - INFO - Cookies loaded successfully
2025-05-12 13:57:44,597 - INFO - Processing URL: https://signal.nfx.com/investor-lists
2025-05-12 13:57:44,597 - INFO - Scraping page: https://signal.nfx.com/investor-lists
2025-05-12 13:57:47,679 - INFO - Cookies loaded successfully
2025-05-12 13:57:51,042 - INFO - Found 0 investor cards on the page
2025-05-12 13:57:51,043 - INFO - Extracted 0 investors from the page
2025-05-12 13:57:52,108 - INFO - Processing URL: https://signal.nfx.com/investor-lists/methodology
2025-05-12 13:57:52,108 - INFO - Scraping page: https://signal.nfx.com/investor-lists/methodology
2025-05-12 13:57:53,647 - INFO - Cookies loaded successfully
2025-05-12 13:57:59,506 - INFO - Found 0 investor cards on the page
2025-05-12 13:57:59,507 - INFO - Extracted 0 investors from the page
2025-05-12 13:58:01,082 - INFO - Processing URL: https://signal.nfx.com/investor-lists/top-advertising-pre-seed-investors
2025-05-12 13:58:01,082 - INFO - Scraping page: https://signal.nfx.com/investor-lists/top-advertising-pre-seed-investors
2025-05-12 13:58:03,209 - INFO - Cookies loaded successfully
2025-05-12 13:58:09,570 - INFO - Found 0 investor cards on the page
2025-05-12 13:58:09,572 - INFO - Extracted 0 investors from the page
2025-05-12 13:58:10,964 - INFO - Processing URL: https://signal.nfx.com/investor-lists/top-advertising-pre-seed-austin-investors
2025-05-12 13:58:10,965 - INFO - Scraping page: https://signal.nfx.com/investor-lists/top-advertising-pre-seed-austin-investors
2025-05-12 13:58:12,959 - INFO - Cookies loaded successfully
2025-05-12 13:58:18,450 - INFO - Found 0 investor cards on the page
2025-05-12 13:58:18,451 - INFO - Extracted 0 investors from the page
2025-05-12 13:58:19,578 - INFO - Processing URL: https://signal.nfx.com/investor-lists/top-advertising-pre-seed-boston-new-england-investors
2025-05-12 13:58:19,580 - INFO - Scraping page: https://signal.nfx.com/investor-lists/top-advertising-pre-seed-boston-new-england-investors
2025-05-12 13:58:20,856 - INFO - Cookies loaded successfully
2025-05-12 13:58:25,880 - INFO - Found 0 investor cards on the page
2025-05-12 13:58:25,881 - INFO - Extracted 0 investors from the page
2025-05-12 13:58:26,969 - INFO - Total investors collected: 0
2025-05-12 13:58:26,973 - WARNING - No data to save - DataFrame is empty!
2025-05-12 14:02:05,858 - INFO - Starting scraper with sitemap path: sitemap.xml\sitemap.xml
2025-05-12 14:02:05,859 - INFO - ====== WebDriver manager ======
2025-05-12 14:02:07,103 - INFO - Get LATEST chromedriver version for google-chrome
2025-05-12 14:02:07,417 - INFO - Get LATEST chromedriver version for google-chrome
2025-05-12 14:02:07,741 - INFO - Driver [C:\Users\SMIT\.wdm\drivers\chromedriver\win64\136.0.7103.92\chromedriver-win32/THIRD_PARTY_NOTICES.chromedriver] found in cache
2025-05-12 14:02:13,941 - INFO - patching driver executable C:\Users\SMIT\appdata\roaming\undetected_chromedriver\undetected_chromedriver.exe
2025-05-12 14:02:14,997 - INFO - Initialized scraper with sitemap path: sitemap.xml\sitemap.xml
2025-05-12 14:02:14,998 - INFO - Reading sitemap file from: sitemap.xml\sitemap.xml
2025-05-12 14:02:15,192 - INFO - Found 5301 investor list URLs in sitemap
2025-05-12 14:02:15,209 - INFO - Limiting scraping to first 5 URLs
2025-05-12 14:02:27,622 - INFO - Cookies loaded successfully
2025-05-12 14:02:27,623 - INFO - Processing URL: https://signal.nfx.com/investor-lists
2025-05-12 14:02:27,625 - INFO - Scraping page: https://signal.nfx.com/investor-lists
2025-05-12 14:02:30,688 - INFO - Cookies loaded successfully
2025-05-12 14:02:35,774 - INFO - Found 0 investor cells on the page
2025-05-12 14:02:35,775 - INFO - Extracted 0 investors from the page
2025-05-12 14:02:37,415 - INFO - Processing URL: https://signal.nfx.com/investor-lists/methodology
2025-05-12 14:02:37,423 - INFO - Scraping page: https://signal.nfx.com/investor-lists/methodology
2025-05-12 14:02:38,542 - INFO - Cookies loaded successfully
2025-05-12 14:02:43,213 - INFO - Found 0 investor cells on the page
2025-05-12 14:02:43,213 - INFO - Extracted 0 investors from the page
2025-05-12 14:02:44,725 - INFO - Processing URL: https://signal.nfx.com/investor-lists/top-advertising-pre-seed-investors
2025-05-12 14:02:44,725 - INFO - Scraping page: https://signal.nfx.com/investor-lists/top-advertising-pre-seed-investors
2025-05-12 14:02:47,345 - INFO - Cookies loaded successfully
2025-05-12 14:02:53,779 - INFO - Found 40 investor cells on the page
2025-05-12 14:02:53,799 - INFO - Extracted 8 investors from the page
2025-05-12 14:02:55,595 - INFO - Processing URL: https://signal.nfx.com/investor-lists/top-advertising-pre-seed-austin-investors
2025-05-12 14:02:55,597 - INFO - Scraping page: https://signal.nfx.com/investor-lists/top-advertising-pre-seed-austin-investors
2025-05-12 14:02:57,970 - INFO - Cookies loaded successfully
2025-05-12 14:03:02,733 - INFO - Found 40 investor cells on the page
2025-05-12 14:03:02,746 - INFO - Extracted 8 investors from the page
2025-05-12 14:03:03,877 - INFO - Processing URL: https://signal.nfx.com/investor-lists/top-advertising-pre-seed-boston-new-england-investors
2025-05-12 14:03:03,877 - INFO - Scraping page: https://signal.nfx.com/investor-lists/top-advertising-pre-seed-boston-new-england-investors
2025-05-12 14:03:05,835 - INFO - Cookies loaded successfully
2025-05-12 14:03:09,748 - INFO - Found 40 investor cells on the page
2025-05-12 14:03:09,761 - INFO - Extracted 8 investors from the page
2025-05-12 14:03:11,186 - INFO - Total investors collected: 24
2025-05-12 14:03:11,243 - INFO - Saved 24 rows to investor_data.csv
2025-05-12 14:07:41,576 - INFO - Starting scraper with sitemap path: sitemap.xml\sitemap.xml
2025-05-12 14:07:41,578 - INFO - ====== WebDriver manager ======
2025-05-12 14:07:42,674 - INFO - Get LATEST chromedriver version for google-chrome
2025-05-12 14:07:43,067 - INFO - Get LATEST chromedriver version for google-chrome
2025-05-12 14:07:43,422 - INFO - Driver [C:\Users\SMIT\.wdm\drivers\chromedriver\win64\136.0.7103.92\chromedriver-win32/THIRD_PARTY_NOTICES.chromedriver] found in cache
2025-05-12 14:07:47,013 - INFO - patching driver executable C:\Users\SMIT\appdata\roaming\undetected_chromedriver\undetected_chromedriver.exe
2025-05-12 14:07:48,555 - INFO - Initialized scraper with sitemap path: sitemap.xml\sitemap.xml
2025-05-12 14:07:48,556 - INFO - Reading sitemap file from: sitemap.xml\sitemap.xml
2025-05-12 14:07:48,780 - INFO - Found 5301 investor list URLs in sitemap
2025-05-12 14:07:48,790 - INFO - Limiting scraping to first 5 URLs
2025-05-12 14:07:52,179 - INFO - Cookies loaded successfully
2025-05-12 14:07:52,180 - INFO - Processing URL: https://signal.nfx.com/investor-lists
2025-05-12 14:07:52,180 - INFO - Scraping page: https://signal.nfx.com/investor-lists
2025-05-12 14:07:55,343 - INFO - Cookies loaded successfully
2025-05-12 14:08:02,508 - INFO - Found 0 investor cells on the page
2025-05-12 14:08:02,509 - INFO - Extracted 0 investors from the page
2025-05-12 14:08:03,960 - INFO - Processing URL: https://signal.nfx.com/investor-lists/methodology
2025-05-12 14:08:03,962 - INFO - Scraping page: https://signal.nfx.com/investor-lists/methodology
2025-05-12 14:08:05,978 - INFO - Cookies loaded successfully
2025-05-12 14:08:20,209 - INFO - Found 0 investor cells on the page
2025-05-12 14:08:20,210 - INFO - Extracted 0 investors from the page
2025-05-12 14:08:21,892 - INFO - Processing URL: https://signal.nfx.com/investor-lists/top-advertising-pre-seed-investors
2025-05-12 14:08:21,893 - INFO - Scraping page: https://signal.nfx.com/investor-lists/top-advertising-pre-seed-investors
2025-05-12 14:08:22,976 - INFO - Cookies loaded successfully
2025-05-12 14:08:29,837 - INFO - Found 40 investor cells on the page
2025-05-12 14:08:29,844 - INFO - Extracted 8 investors from the page
2025-05-12 14:08:31,065 - INFO - Processing URL: https://signal.nfx.com/investor-lists/top-advertising-pre-seed-austin-investors
2025-05-12 14:08:31,066 - INFO - Scraping page: https://signal.nfx.com/investor-lists/top-advertising-pre-seed-austin-investors
2025-05-12 14:08:32,193 - INFO - Cookies loaded successfully
2025-05-12 14:08:35,672 - INFO - Found 0 investor cells on the page
2025-05-12 14:08:35,672 - INFO - Extracted 0 investors from the page
2025-05-12 14:08:37,428 - INFO - Processing URL: https://signal.nfx.com/investor-lists/top-advertising-pre-seed-boston-new-england-investors
2025-05-12 14:08:37,430 - INFO - Scraping page: https://signal.nfx.com/investor-lists/top-advertising-pre-seed-boston-new-england-investors
2025-05-12 14:08:39,497 - INFO - Cookies loaded successfully
2025-05-12 14:08:43,608 - INFO - Found 40 investor cells on the page
2025-05-12 14:08:43,634 - INFO - Extracted 8 investors from the page
2025-05-12 14:08:44,787 - INFO - Total investors collected: 16
2025-05-12 14:08:44,837 - INFO - Saved 16 rows to investor_data.csv
2025-05-12 14:23:20,873 - INFO - Starting scraper with sitemap path: sitemap.xml\sitemap.xml
2025-05-12 14:23:20,875 - INFO - ====== WebDriver manager ======
2025-05-12 14:23:22,056 - INFO - Get LATEST chromedriver version for google-chrome
2025-05-12 14:23:22,433 - INFO - Get LATEST chromedriver version for google-chrome
2025-05-12 14:23:22,858 - INFO - Driver [C:\Users\SMIT\.wdm\drivers\chromedriver\win64\136.0.7103.92\chromedriver-win32/THIRD_PARTY_NOTICES.chromedriver] found in cache
2025-05-12 14:23:31,988 - INFO - patching driver executable C:\Users\SMIT\appdata\roaming\undetected_chromedriver\undetected_chromedriver.exe
2025-05-12 14:23:34,217 - INFO - Initialized scraper with sitemap path: sitemap.xml\sitemap.xml
2025-05-12 14:23:34,217 - INFO - Reading sitemap file from: sitemap.xml\sitemap.xml
2025-05-12 14:23:34,375 - INFO - Found 5301 investor list URLs in sitemap
2025-05-12 14:23:34,387 - INFO - Limiting scraping to first 5 URLs
2025-05-12 14:23:40,504 - INFO - Cookies loaded successfully
2025-05-12 14:23:40,504 - INFO - Processing URL: https://signal.nfx.com/investor-lists
2025-05-12 14:23:40,504 - INFO - Scraping page: https://signal.nfx.com/investor-lists
2025-05-12 14:23:43,877 - INFO - Cookies loaded successfully
2025-05-12 14:23:49,963 - INFO - Found 0 investor cells on the page
2025-05-12 14:23:49,964 - INFO - Extracted 0 investors from the page
2025-05-12 14:23:51,015 - INFO - Processing URL: https://signal.nfx.com/investor-lists/methodology
2025-05-12 14:23:51,016 - INFO - Scraping page: https://signal.nfx.com/investor-lists/methodology
2025-05-12 14:23:54,475 - INFO - Cookies loaded successfully
2025-05-12 14:23:59,398 - INFO - Found 0 investor cells on the page
2025-05-12 14:23:59,399 - INFO - Extracted 0 investors from the page
2025-05-12 14:24:01,054 - INFO - Processing URL: https://signal.nfx.com/investor-lists/top-advertising-pre-seed-investors
2025-05-12 14:24:01,055 - INFO - Scraping page: https://signal.nfx.com/investor-lists/top-advertising-pre-seed-investors
2025-05-12 14:24:03,388 - INFO - Cookies loaded successfully
2025-05-12 14:24:09,686 - INFO - Found 40 investor cells on the page
2025-05-12 14:24:09,693 - INFO - Extracted 8 investors from the page
2025-05-12 14:24:11,158 - INFO - Processing URL: https://signal.nfx.com/investor-lists/top-advertising-pre-seed-austin-investors
2025-05-12 14:24:11,159 - INFO - Scraping page: https://signal.nfx.com/investor-lists/top-advertising-pre-seed-austin-investors
2025-05-12 14:24:13,656 - INFO - Cookies loaded successfully
2025-05-12 14:24:17,915 - INFO - Found 40 investor cells on the page
2025-05-12 14:24:17,959 - INFO - Extracted 8 investors from the page
2025-05-12 14:24:19,347 - INFO - Processing URL: https://signal.nfx.com/investor-lists/top-advertising-pre-seed-boston-new-england-investors
2025-05-12 14:24:19,348 - INFO - Scraping page: https://signal.nfx.com/investor-lists/top-advertising-pre-seed-boston-new-england-investors
2025-05-12 14:24:25,287 - INFO - Cookies loaded successfully
2025-05-12 14:24:29,206 - INFO - Found 40 investor cells on the page
2025-05-12 14:24:29,253 - INFO - Extracted 8 investors from the page
2025-05-12 14:24:30,497 - INFO - Total investors collected: 24
2025-05-12 14:24:30,754 - INFO - Saved 24 rows to investor_data.csv
2025-05-12 15:11:49,348 - INFO - Starting scraper with sitemap path: sitemap.xml\sitemap.xml
2025-05-12 15:11:49,351 - INFO - ====== WebDriver manager ======
2025-05-12 15:11:51,131 - INFO - Get LATEST chromedriver version for google-chrome
2025-05-12 15:11:51,713 - INFO - Get LATEST chromedriver version for google-chrome
2025-05-12 15:11:52,137 - INFO - Driver [C:\Users\SMIT\.wdm\drivers\chromedriver\win64\136.0.7103.92\chromedriver-win32/THIRD_PARTY_NOTICES.chromedriver] found in cache
2025-05-12 15:11:55,972 - INFO - patching driver executable C:\Users\SMIT\appdata\roaming\undetected_chromedriver\undetected_chromedriver.exe
2025-05-12 15:11:58,291 - INFO - Initialized scraper with sitemap path: sitemap.xml\sitemap.xml
2025-05-12 15:11:58,292 - INFO - Reading sitemap file from: sitemap.xml\sitemap.xml
2025-05-12 15:11:58,615 - INFO - Found 5301 investor list URLs in sitemap
2025-05-12 15:11:58,639 - INFO - Resuming scraping: 0 URLs already processed
2025-05-12 15:11:58,640 - INFO - Remaining URLs to scrape: 5
2025-05-12 15:11:58,644 - INFO - Scraping page: https://signal.nfx.com/investor-lists (Attempt 1/3)
2025-05-12 15:11:58,645 - INFO - Scraping page: https://signal.nfx.com/investor-lists/methodology (Attempt 1/3)
2025-05-12 15:11:58,646 - INFO - Scraping page: https://signal.nfx.com/investor-lists/top-advertising-pre-seed-investors (Attempt 1/3)
2025-05-12 15:11:58,647 - INFO - Scraping page: https://signal.nfx.com/investor-lists/top-advertising-pre-seed-austin-investors (Attempt 1/3)
2025-05-12 15:11:58,673 - INFO - Scraping page: https://signal.nfx.com/investor-lists/top-advertising-pre-seed-boston-new-england-investors (Attempt 1/3)
2025-05-12 15:12:11,122 - INFO - Cookies loaded successfully
2025-05-12 15:12:11,125 - INFO - Cookies loaded successfully
2025-05-12 15:12:11,129 - INFO - Cookies loaded successfully
2025-05-12 15:12:11,135 - INFO - Cookies loaded successfully
2025-05-12 15:12:11,139 - INFO - Cookies loaded successfully
2025-05-12 15:12:19,668 - WARNING - Connection pool is full, discarding connection: localhost. Connection pool size: 1
2025-05-12 15:12:25,144 - WARNING - Connection pool is full, discarding connection: localhost. Connection pool size: 1
2025-05-12 15:12:25,240 - WARNING - Connection pool is full, discarding connection: localhost. Connection pool size: 1
2025-05-12 15:12:25,257 - INFO - Found 0 investor cells on the page
2025-05-12 15:12:25,258 - INFO - Extracted 0 valid investors from the page
2025-05-12 15:12:25,259 - INFO - Found 0 investor cells on the page
2025-05-12 15:12:25,263 - INFO - Extracted 0 valid investors from the page
2025-05-12 15:12:25,263 - WARNING - Connection pool is full, discarding connection: localhost. Connection pool size: 1
2025-05-12 15:12:25,271 - INFO - Found 0 investor cells on the page
2025-05-12 15:12:25,272 - INFO - Extracted 0 valid investors from the page
2025-05-12 15:12:25,601 - INFO - Found 0 investor cells on the page
2025-05-12 15:12:25,602 - INFO - Extracted 0 valid investors from the page
2025-05-12 15:12:30,314 - INFO - Found 40 investor cells on the page
2025-05-12 15:12:30,315 - ERROR - Error extracting investor cell data: 'SitemapScraper' object has no attribute '_extract_single_investor'
2025-05-12 15:12:30,316 - ERROR - Error extracting investor cell data: 'SitemapScraper' object has no attribute '_extract_single_investor'
2025-05-12 15:12:30,316 - ERROR - Error extracting investor cell data: 'SitemapScraper' object has no attribute '_extract_single_investor'
2025-05-12 15:12:30,317 - ERROR - Error extracting investor cell data: 'SitemapScraper' object has no attribute '_extract_single_investor'
2025-05-12 15:12:30,318 - ERROR - Error extracting investor cell data: 'SitemapScraper' object has no attribute '_extract_single_investor'
2025-05-12 15:12:30,319 - ERROR - Error extracting investor cell data: 'SitemapScraper' object has no attribute '_extract_single_investor'
2025-05-12 15:12:30,319 - ERROR - Error extracting investor cell data: 'SitemapScraper' object has no attribute '_extract_single_investor'
2025-05-12 15:12:30,320 - ERROR - Error extracting investor cell data: 'SitemapScraper' object has no attribute '_extract_single_investor'
2025-05-12 15:12:30,321 - ERROR - Error extracting investor cell data: 'SitemapScraper' object has no attribute '_extract_single_investor'
2025-05-12 15:12:30,321 - ERROR - Error extracting investor cell data: 'SitemapScraper' object has no attribute '_extract_single_investor'
2025-05-12 15:12:30,322 - ERROR - Error extracting investor cell data: 'SitemapScraper' object has no attribute '_extract_single_investor'
2025-05-12 15:12:30,323 - ERROR - Error extracting investor cell data: 'SitemapScraper' object has no attribute '_extract_single_investor'
2025-05-12 15:12:30,323 - ERROR - Error extracting investor cell data: 'SitemapScraper' object has no attribute '_extract_single_investor'
2025-05-12 15:12:30,324 - ERROR - Error extracting investor cell data: 'SitemapScraper' object has no attribute '_extract_single_investor'
2025-05-12 15:12:30,325 - ERROR - Error extracting investor cell data: 'SitemapScraper' object has no attribute '_extract_single_investor'
2025-05-12 15:12:30,326 - ERROR - Error extracting investor cell data: 'SitemapScraper' object has no attribute '_extract_single_investor'
2025-05-12 15:12:30,327 - ERROR - Error extracting investor cell data: 'SitemapScraper' object has no attribute '_extract_single_investor'
2025-05-12 15:12:30,328 - ERROR - Error extracting investor cell data: 'SitemapScraper' object has no attribute '_extract_single_investor'
2025-05-12 15:12:30,328 - ERROR - Error extracting investor cell data: 'SitemapScraper' object has no attribute '_extract_single_investor'
2025-05-12 15:12:30,329 - ERROR - Error extracting investor cell data: 'SitemapScraper' object has no attribute '_extract_single_investor'
2025-05-12 15:12:30,330 - ERROR - Error extracting investor cell data: 'SitemapScraper' object has no attribute '_extract_single_investor'
2025-05-12 15:12:30,331 - ERROR - Error extracting investor cell data: 'SitemapScraper' object has no attribute '_extract_single_investor'
2025-05-12 15:12:30,333 - ERROR - Error extracting investor cell data: 'SitemapScraper' object has no attribute '_extract_single_investor'
2025-05-12 15:12:30,335 - ERROR - Error extracting investor cell data: 'SitemapScraper' object has no attribute '_extract_single_investor'
2025-05-12 15:12:30,336 - ERROR - Error extracting investor cell data: 'SitemapScraper' object has no attribute '_extract_single_investor'
2025-05-12 15:12:30,336 - ERROR - Error extracting investor cell data: 'SitemapScraper' object has no attribute '_extract_single_investor'
2025-05-12 15:12:30,338 - ERROR - Error extracting investor cell data: 'SitemapScraper' object has no attribute '_extract_single_investor'
2025-05-12 15:12:30,339 - ERROR - Error extracting investor cell data: 'SitemapScraper' object has no attribute '_extract_single_investor'
2025-05-12 15:12:30,339 - ERROR - Error extracting investor cell data: 'SitemapScraper' object has no attribute '_extract_single_investor'
2025-05-12 15:12:30,340 - ERROR - Error extracting investor cell data: 'SitemapScraper' object has no attribute '_extract_single_investor'
2025-05-12 15:12:30,341 - ERROR - Error extracting investor cell data: 'SitemapScraper' object has no attribute '_extract_single_investor'
2025-05-12 15:12:30,342 - ERROR - Error extracting investor cell data: 'SitemapScraper' object has no attribute '_extract_single_investor'
2025-05-12 15:12:30,344 - ERROR - Error extracting investor cell data: 'SitemapScraper' object has no attribute '_extract_single_investor'
2025-05-12 15:12:30,345 - ERROR - Error extracting investor cell data: 'SitemapScraper' object has no attribute '_extract_single_investor'
2025-05-12 15:12:30,345 - ERROR - Error extracting investor cell data: 'SitemapScraper' object has no attribute '_extract_single_investor'
2025-05-12 15:12:30,346 - ERROR - Error extracting investor cell data: 'SitemapScraper' object has no attribute '_extract_single_investor'
2025-05-12 15:12:30,346 - ERROR - Error extracting investor cell data: 'SitemapScraper' object has no attribute '_extract_single_investor'
2025-05-12 15:12:30,347 - ERROR - Error extracting investor cell data: 'SitemapScraper' object has no attribute '_extract_single_investor'
2025-05-12 15:12:30,347 - ERROR - Error extracting investor cell data: 'SitemapScraper' object has no attribute '_extract_single_investor'
2025-05-12 15:12:30,348 - ERROR - Error extracting investor cell data: 'SitemapScraper' object has no attribute '_extract_single_investor'
2025-05-12 15:12:30,349 - INFO - Extracted 0 valid investors from the page
2025-05-12 15:12:30,415 - INFO - Total investors collected: 0
2025-05-12 15:12:30,436 - WARNING - No data to save - DataFrame is empty!
